<?xml version="1.0" encoding="UTF-8"?>
<!-- Generated by org.testng.reporters.JUnitReportReporter -->
<testsuite hostname="EPBYMINW5520" name="LogicTests" tests="2" failures="0" timestamp="20 Nov 2017 11:23:00 GMT" time="0.011" errors="0">
  <testcase name="printLogicFailingTest" time="0.010" classname="LogicTests"/>
  <testcase name="printLogicTest" time="0.001" classname="LogicTests"/>
</testsuite> <!-- LogicTests -->
